<?xml version="1.0" encoding="UTF-8"?>
<testsuite xmlns:xsi="http://www.w3.org/2001/XMLSchema-instance" xsi:noNamespaceSchemaLocation="https://maven.apache.org/surefire/maven-surefire-plugin/xsd/surefire-test-report-3.0.xsd" version="3.0" name="com.vti.blogapp.BlogAppApplicationTests" time="8.07" tests="1" errors="0" skipped="0" failures="0">
  <properties>
[...]
</properties>
  <testcase name="contextLoads" classname="com.vti.blogapp.BlogAppApplicationTests" time="0.411">
    <system-out><![CDATA[15:44:28.490 [main] INFO org.springframework.test.context.support.AnnotationConfigContextLoaderUtils -- Could not detect default configuration classes for test class [com.vti.blogapp.BlogAppApplicationTests]: BlogAppApplicationTests does not declare any static, non-private, non-final, nested classes annotated with @Configuration.
15:44:28.730 [main] INFO org.springframework.boot.test.context.SpringBootTestContextBootstrapper -- Found @SpringBootConfiguration com.vti.blogapp.BlogAppApplication for test class com.vti.blogapp.BlogAppApplicationTests
.------..------.
|A.--. ||K.--. |
| (\/) || (\/) |
| :\/: || :\/: |
| '--'A|| '--'K|
`------'`------'

2024-08-09T15:44:29.383+07:00  INFO 13908 --- [blog-app] [           main] c.vti.blogapp.BlogAppApplicationTests    : Starting BlogAppApplicationTests using Java 21.0.4 with PID 13908 (started by daidoan in C:\Workspace\Java-core\Spring Framework\blog-app)
2024-08-09T15:44:29.384+07:00  INFO 13908 --- [blog-app] [           main] c.vti.blogapp.BlogAppApplicationTests    : No active profile set, falling back to 1 default profile: "default"
2024-08-09T15:44:30.507+07:00  INFO 13908 --- [blog-app] [           main] .s.d.r.c.RepositoryConfigurationDelegate : Bootstrapping Spring Data JPA repositories in DEFAULT mode.
2024-08-09T15:44:30.598+07:00  INFO 13908 --- [blog-app] [           main] .s.d.r.c.RepositoryConfigurationDelegate : Finished Spring Data repository scanning in 80 ms. Found 3 JPA repository interfaces.
2024-08-09T15:44:31.401+07:00  INFO 13908 --- [blog-app] [           main] o.hibernate.jpa.internal.util.LogHelper  : HHH000204: Processing PersistenceUnitInfo [name: default]
2024-08-09T15:44:31.477+07:00  INFO 13908 --- [blog-app] [           main] org.hibernate.Version                    : HHH000412: Hibernate ORM core version 6.5.2.Final
2024-08-09T15:44:31.521+07:00  INFO 13908 --- [blog-app] [           main] o.h.c.internal.RegionFactoryInitiator    : HHH000026: Second-level cache disabled
2024-08-09T15:44:31.992+07:00  INFO 13908 --- [blog-app] [           main] o.s.o.j.p.SpringPersistenceUnitInfo      : No LoadTimeWeaver setup: ignoring JPA class transformer
2024-08-09T15:44:32.023+07:00  INFO 13908 --- [blog-app] [           main] com.zaxxer.hikari.HikariDataSource       : HikariPool-1 - Starting...
2024-08-09T15:44:32.484+07:00  INFO 13908 --- [blog-app] [           main] com.zaxxer.hikari.pool.HikariPool        : HikariPool-1 - Added connection com.mysql.cj.jdbc.ConnectionImpl@22cd8ec2
2024-08-09T15:44:32.486+07:00  INFO 13908 --- [blog-app] [           main] com.zaxxer.hikari.HikariDataSource       : HikariPool-1 - Start completed.
2024-08-09T15:44:33.576+07:00  INFO 13908 --- [blog-app] [           main] o.h.e.t.j.p.i.JtaPlatformInitiator       : HHH000489: No JTA platform available (set 'hibernate.transaction.jta.platform' to enable JTA platform integration)
2024-08-09T15:44:33.589+07:00 DEBUG 13908 --- [blog-app] [           main] org.hibernate.SQL                        : alter table comment drop foreign key FKs1slvnkuemjsq2kj4h3vhx7i1
2024-08-09T15:44:33.604+07:00 DEBUG 13908 --- [blog-app] [           main] org.hibernate.SQL                        : drop table if exists comment
2024-08-09T15:44:33.613+07:00 DEBUG 13908 --- [blog-app] [           main] org.hibernate.SQL                        : drop table if exists post
2024-08-09T15:44:33.619+07:00 DEBUG 13908 --- [blog-app] [           main] org.hibernate.SQL                        : drop table if exists `user`
2024-08-09T15:44:33.632+07:00 DEBUG 13908 --- [blog-app] [           main] org.hibernate.SQL                        : create table comment (created_at datetime(6) not null, id bigint not null auto_increment, post_id bigint, updated_at datetime(6) not null, name varchar(50) not null, email varchar(75) not null, body varchar(100) not null, primary key (id)) engine=InnoDB
2024-08-09T15:44:33.643+07:00 DEBUG 13908 --- [blog-app] [           main] org.hibernate.SQL                        : create table post (status char(1) not null, created_at datetime(6) not null, id bigint not null auto_increment, updated_at datetime(6) not null, title varchar(50) not null, description varchar(100) not null, content varchar(150) not null, primary key (id)) engine=InnoDB
2024-08-09T15:44:33.652+07:00 DEBUG 13908 --- [blog-app] [           main] org.hibernate.SQL                        : create table `user` (created_at datetime(6) not null, id bigint not null auto_increment, updated_at datetime(6) not null, name varchar(50) not null, username varchar(50) not null, email varchar(75) not null, password varchar(100) not null, role enum ('ADMIN','EMPLOYEE','MANAGER') not null, primary key (id)) engine=InnoDB
2024-08-09T15:44:33.671+07:00 DEBUG 13908 --- [blog-app] [           main] org.hibernate.SQL                        : alter table `user` add constraint UK5c856itaihtmi69ni04cmpc4m unique (username)
2024-08-09T15:44:33.681+07:00 DEBUG 13908 --- [blog-app] [           main] org.hibernate.SQL                        : alter table `user` add constraint UKhl4ga9r00rh51mdaf20hmnslt unique (email)
2024-08-09T15:44:33.687+07:00 DEBUG 13908 --- [blog-app] [           main] org.hibernate.SQL                        : alter table comment add constraint FKs1slvnkuemjsq2kj4h3vhx7i1 foreign key (post_id) references post (id)
2024-08-09T15:44:33.722+07:00  INFO 13908 --- [blog-app] [           main] j.LocalContainerEntityManagerFactoryBean : Initialized JPA EntityManagerFactory for persistence unit 'default'
2024-08-09T15:44:34.222+07:00  INFO 13908 --- [blog-app] [           main] o.s.d.j.r.query.QueryEnhancerFactory     : Hibernate is in classpath; If applicable, HQL parser will be used.
2024-08-09T15:44:34.725+07:00  WARN 13908 --- [blog-app] [           main] JpaBaseConfiguration$JpaWebConfiguration : spring.jpa.open-in-view is enabled by default. Therefore, database queries may be performed during view rendering. Explicitly configure spring.jpa.open-in-view to disable this warning
2024-08-09T15:44:34.859+07:00  INFO 13908 --- [blog-app] [           main] r$InitializeUserDetailsManagerConfigurer : Global AuthenticationManager configured with UserDetailsService bean with name userServiceImpl
2024-08-09T15:44:35.642+07:00  INFO 13908 --- [blog-app] [           main] c.vti.blogapp.BlogAppApplicationTests    : Started BlogAppApplicationTests in 6.672 seconds (process running for 8.389)
2024-08-09T15:44:35.769+07:00 DEBUG 13908 --- [blog-app] [           main] org.hibernate.SQL                        : insert into `user` (created_at,email,name,password,role,updated_at,username) values (?,?,?,?,?,?,?)
2024-08-09T15:44:35.782+07:00 TRACE 13908 --- [blog-app] [           main] org.hibernate.orm.jdbc.bind              : binding parameter (1:TIMESTAMP) <- [2024-08-09T15:44:35.762223]
2024-08-09T15:44:35.782+07:00 TRACE 13908 --- [blog-app] [           main] org.hibernate.orm.jdbc.bind              : binding parameter (2:VARCHAR) <- [daidoan1608@gmail.com]
2024-08-09T15:44:35.783+07:00 TRACE 13908 --- [blog-app] [           main] org.hibernate.orm.jdbc.bind              : binding parameter (3:VARCHAR) <- [Đoàn Minh Đại]
2024-08-09T15:44:35.783+07:00 TRACE 13908 --- [blog-app] [           main] org.hibernate.orm.jdbc.bind              : binding parameter (4:VARCHAR) <- [$2a$10$TS.Va4eRA63zvnpnR78gEOLXF6zS00KzyDl7Kiq4qyDMLDSJo07dm]
2024-08-09T15:44:35.783+07:00 TRACE 13908 --- [blog-app] [           main] org.hibernate.orm.jdbc.bind              : binding parameter (5:ENUM) <- [ADMIN]
2024-08-09T15:44:35.783+07:00 TRACE 13908 --- [blog-app] [           main] org.hibernate.orm.jdbc.bind              : binding parameter (6:TIMESTAMP) <- [2024-08-09T15:44:35.762223]
2024-08-09T15:44:35.784+07:00 TRACE 13908 --- [blog-app] [           main] org.hibernate.orm.jdbc.bind              : binding parameter (7:VARCHAR) <- [admin]
2024-08-09T15:44:35.808+07:00 TRACE 13908 --- [blog-app] [           main] org.hibernate.orm.jdbc.extract           : extracted value (1:BIGINT) -> [3]
]]></system-out>
    <system-err><![CDATA[WARNING: A Java agent has been loaded dynamically (C:\Users\daido\.m2\repository\net\bytebuddy\byte-buddy-agent\1.14.17\byte-buddy-agent-1.14.17.jar)
WARNING: If a serviceability tool is in use, please run with -XX:+EnableDynamicAgentLoading to hide this warning
WARNING: If a serviceability tool is not in use, please run with -Djdk.instrument.traceUsage for more information
WARNING: Dynamic loading of agents will be disallowed by default in a future release
]]></system-err>
  </testcase>
</testsuite>